================================================================================
  Output generated by mona.py v2.0, rev 570 - WinDBG
  Corelan Team - https://www.corelan.be
================================================================================
  OS : win7, release 6.1.7601
  Process being debugged : iexplore (pid 5824)
  Current mona arguments: C:\Program Files (x86)\Windows Kits\10\Debuggers\x86\mona.py rop -m ntdll
================================================================================
  2017-04-23 00:44:21
================================================================================
----------------------------------------------------------------------------------------------------------------------------------
 Module info :
----------------------------------------------------------------------------------------------------------------------------------
 Base       | Top        | Size       | Rebase | SafeSEH | ASLR  | NXCompat | OS Dll | Version, Modulename & Path
----------------------------------------------------------------------------------------------------------------------------------
 0x75b30000 | 0x75b33000 | 0x00003000 | False  | True    | True  |  True    | True   | 6.2.9200.16492 [api-ms-win-downlevel-normaliz-l1-1-0.dll] (C:\Windows\syswow64\api-ms-win-downlevel-normaliz-l1-1-0.dll)
 0x75000000 | 0x75110000 | 0x00110000 | False  | True    | True  |  True    | True   | 6.1.7601.23714 [kernel32.dll] (C:\Windows\syswow64\kernel32.dll)
 0x758b0000 | 0x7595c000 | 0x000ac000 | False  | True    | True  |  True    | True   | 7.0.7601.17744 [msvcrt.dll] (C:\Windows\syswow64\msvcrt.dll)
 0x74d10000 | 0x74d1c000 | 0x0000c000 | False  | True    | True  |  True    | True   | 6.1.7601.23714 [CRYPTBASE.dll] (C:\Windows\syswow64\CRYPTBASE.dll)
 0x74ee0000 | 0x74f81000 | 0x000a1000 | False  | True    | True  |  True    | True   | 6.1.7601.23714 [advapi32.DLL] (C:\Windows\syswow64\advapi32.DLL)
 0x77480000 | 0x77600000 | 0x00180000 | False  | True    | True  |  True    | True   | 6.1.7601.23714 [ntdll.dll] (ntdll.dll)
 0x77060000 | 0x77079000 | 0x00019000 | False  | True    | True  |  True    | True   | 6.1.7600.16385 [sechost.dll] (C:\Windows\SysWOW64\sechost.dll)
 0x74f90000 | 0x74f9a000 | 0x0000a000 | False  | True    | True  |  True    | True   | 6.1.7601.23717 [LPK.dll] (C:\Windows\syswow64\LPK.dll)
 0x751a0000 | 0x751a5000 | 0x00005000 | False  | True    | True  |  True    | True   | 6.2.9200.16492 [api-ms-win-downlevel-advapi32-l1-1-0.dll] (C:\Windows\syswow64\api-ms-win-downlevel-advapi32-l1-1-0.dll)
 0x75600000 | 0x75834000 | 0x00234000 | False  | True    | True  |  True    | True   | 11.0.9600.18639 [iertutil.dll] (C:\Windows\syswow64\iertutil.dll)
 0x75c30000 | 0x75ccd000 | 0x0009d000 | False  | True    | True  |  True    | True   | 1.626.7601.23688 [USP10.dll] (C:\Windows\syswow64\USP10.dll)
 0x74d20000 | 0x74d80000 | 0x00060000 | False  | True    | True  |  True    | True   | 6.1.7601.23714 [SspiCli.dll] (C:\Windows\syswow64\SspiCli.dll)
 0x75c10000 | 0x75c14000 | 0x00004000 | False  | True    | True  |  True    | True   | 6.2.9200.16492 [api-ms-win-downlevel-version-l1-1-0.dll] (C:\Windows\syswow64\api-ms-win-downlevel-version-l1-1-0.dll)
 0x76f70000 | 0x77060000 | 0x000f0000 | False  | True    | True  |  True    | True   | 6.1.7601.23714 [RPCRT4.dll] (C:\Windows\syswow64\RPCRT4.dll)
 0x74db0000 | 0x74eb0000 | 0x00100000 | False  | True    | True  |  True    | True   | 6.1.7601.23594 [user32.DLL] (C:\Windows\syswow64\user32.DLL)
 0x75a70000 | 0x75ab7000 | 0x00047000 | False  | True    | True  |  True    | True   | 6.1.7601.23714 [KERNELBASE.dll] (C:\Windows\syswow64\KERNELBASE.dll)
 0x77450000 | 0x77454000 | 0x00004000 | False  | True    | True  |  True    | True   | 6.2.9200.16492 [api-ms-win-downlevel-user32-l1-1-0.dll] (C:\Windows\syswow64\api-ms-win-downlevel-user32-l1-1-0.dll)
 0x75970000 | 0x75a00000 | 0x00090000 | False  | True    | True  |  True    | True   | 6.1.7601.23739 [GDI32.dll] (C:\Windows\syswow64\GDI32.dll)
 0x009b0000 | 0x00a78000 | 0x000c8000 | False  | True    | True  |  False   | False  | 11.0.9600.18639 [iexplore.exe] (iexplore.exe)
 0x74c40000 | 0x74c49000 | 0x00009000 | False  | True    | True  |  True    | True   | 6.1.7600.16385 [version.DLL] (C:\Windows\SysWOW64\version.DLL)
 0x75a00000 | 0x75a04000 | 0x00004000 | False  | True    | True  |  True    | True   | 6.2.9200.16492 [api-ms-win-downlevel-shlwapi-l1-1-0.dll] (C:\Windows\syswow64\api-ms-win-downlevel-shlwapi-l1-1-0.dll)
 0x75ad0000 | 0x75b27000 | 0x00057000 | False  | True    | True  |  True    | True   | 6.1.7601.17514 [shlwapi.DLL] (C:\Windows\syswow64\shlwapi.DLL)
 0x75960000 | 0x75963000 | 0x00003000 | False  | True    | True  |  True    | True   | 6.1.7600.16385 [normaliz.DLL] (C:\Windows\syswow64\normaliz.DLL)
----------------------------------------------------------------------------------------------------------------------------------
- Progress update : 1000 / 6221 items processed (Sun 2017/04/23 12:44:52 AM) - (16%)
- Progress update : 2000 / 6221 items processed (Sun 2017/04/23 12:45:23 AM) - (32%)
- Progress update : 3000 / 6221 items processed (Sun 2017/04/23 12:45:52 AM) - (48%)
- Progress update : 4000 / 6221 items processed (Sun 2017/04/23 12:46:19 AM) - (64%)
- Progress update : 5000 / 6221 items processed (Sun 2017/04/23 12:46:41 AM) - (80%)
- Progress update : 6000 / 6221 items processed (Sun 2017/04/23 12:47:05 AM) - (96%)
- Progress update : 6221 / 6221 items processed (Sun 2017/04/23 12:47:10 AM) - (100%)
[+] Creating suggestions list
[+] Processing suggestions
Attempting to create rop chain proposals
- Attempting to produce rop chain for VirtualProtect
  * Enumerating ROPFunc info
